This is pdfTeX, Version 3.1415926-2.3-1.40.12 (MiKTeX 2.9) (preloaded format=pdflatex 2012.11.3)  14 NOV 2012 15:45
entering extended mode
**principal.tex

(C:\Users\WillY\Documents\GitHub\proyectosig\documentacion\principal\principal.
tex
LaTeX2e <2011/06/27>
Babel <v3.8m> and hyphenation patterns for english, afrikaans, ancientgreek, ar
abic, armenian, assamese, basque, bengali, bokmal, bulgarian, catalan, coptic, 
croatian, czech, danish, dutch, esperanto, estonian, farsi, finnish, french, ga
lician, german, german-x-2009-06-19, greek, gujarati, hindi, hungarian, iceland
ic, indonesian, interlingua, irish, italian, kannada, kurmanji, lao, latin, lat
vian, lithuanian, malayalam, marathi, mongolian, mongolianlmc, monogreek, ngerm
an, ngerman-x-2009-06-19, nynorsk, oriya, panjabi, pinyin, polish, portuguese, 
romanian, russian, sanskrit, serbian, slovak, slovenian, spanish, swedish, swis
sgerman, tamil, telugu, turkish, turkmen, ukenglish, ukrainian, uppersorbian, u
senglishmax, welsh, loaded.
("C:\Program Files (x86)\Miktex 2.9.4521\tex\latex\base\report.cls"
Document Class: report 2007/10/19 v1.4h Standard LaTeX document class
("C:\Program Files (x86)\Miktex 2.9.4521\tex\latex\base\size12.clo"
File: size12.clo 2007/10/19 v1.4h Standard LaTeX file (size option)
)
\c@part=\count79
\c@chapter=\count80
\c@section=\count81
\c@subsection=\count82
\c@subsubsection=\count83
\c@paragraph=\count84
\c@subparagraph=\count85
\c@figure=\count86
\c@table=\count87
\abovecaptionskip=\skip41
\belowcaptionskip=\skip42
\bibindent=\dimen102
)
("C:\Program Files (x86)\Miktex 2.9.4521\tex\latex\amsfonts\amssymb.sty"
Package: amssymb 2009/06/22 v3.00

("C:\Program Files (x86)\Miktex 2.9.4521\tex\latex\amsfonts\amsfonts.sty"
Package: amsfonts 2009/06/22 v3.00 Basic AMSFonts support
\@emptytoks=\toks14
\symAMSa=\mathgroup4
\symAMSb=\mathgroup5
LaTeX Font Info:    Overwriting math alphabet `\mathfrak' in version `bold'
(Font)                  U/euf/m/n --> U/euf/b/n on input line 96.
))
("C:\Program Files (x86)\Miktex 2.9.4521\tex\latex\ams\math\amsmath.sty"
Package: amsmath 2000/07/18 v2.13 AMS math features
\@mathmargin=\skip43

For additional information on amsmath, use the `?' option.
("C:\Program Files (x86)\Miktex 2.9.4521\tex\latex\ams\math\amstext.sty"
Package: amstext 2000/06/29 v2.01

("C:\Program Files (x86)\Miktex 2.9.4521\tex\latex\ams\math\amsgen.sty"
File: amsgen.sty 1999/11/30 v2.0
\@emptytoks=\toks15
\ex@=\dimen103
))
("C:\Program Files (x86)\Miktex 2.9.4521\tex\latex\ams\math\amsbsy.sty"
Package: amsbsy 1999/11/29 v1.2d
\pmbraise@=\dimen104
)
("C:\Program Files (x86)\Miktex 2.9.4521\tex\latex\ams\math\amsopn.sty"
Package: amsopn 1999/12/14 v2.01 operator names
)
\inf@bad=\count88
LaTeX Info: Redefining \frac on input line 211.
\uproot@=\count89
\leftroot@=\count90
LaTeX Info: Redefining \overline on input line 307.
\classnum@=\count91
\DOTSCASE@=\count92
LaTeX Info: Redefining \ldots on input line 379.
LaTeX Info: Redefining \dots on input line 382.
LaTeX Info: Redefining \cdots on input line 467.
\Mathstrutbox@=\box26
\strutbox@=\box27
\big@size=\dimen105
LaTeX Font Info:    Redeclaring font encoding OML on input line 567.
LaTeX Font Info:    Redeclaring font encoding OMS on input line 568.
\macc@depth=\count93
\c@MaxMatrixCols=\count94
\dotsspace@=\muskip10
\c@parentequation=\count95
\dspbrk@lvl=\count96
\tag@help=\toks16
\row@=\count97
\column@=\count98
\maxfields@=\count99
\andhelp@=\toks17
\eqnshift@=\dimen106
\alignsep@=\dimen107
\tagshift@=\dimen108
\tagwidth@=\dimen109
\totwidth@=\dimen110
\lineht@=\dimen111
\@envbody=\toks18
\multlinegap=\skip44
\multlinetaggap=\skip45
\mathdisplay@stack=\toks19
LaTeX Info: Redefining \[ on input line 2666.
LaTeX Info: Redefining \] on input line 2667.
)
("C:\Program Files (x86)\Miktex 2.9.4521\tex\latex\base\alltt.sty"
Package: alltt 1997/06/16 v2.0g defines alltt environment
)
("C:\Program Files (x86)\Miktex 2.9.4521\tex\latex\graphics\graphicx.sty"
Package: graphicx 1999/02/16 v1.0f Enhanced LaTeX Graphics (DPC,SPQR)

("C:\Program Files (x86)\Miktex 2.9.4521\tex\latex\graphics\keyval.sty"
Package: keyval 1999/03/16 v1.13 key=value parser (DPC)
\KV@toks@=\toks20
)
("C:\Program Files (x86)\Miktex 2.9.4521\tex\latex\graphics\graphics.sty"
Package: graphics 2009/02/05 v1.0o Standard LaTeX Graphics (DPC,SPQR)

("C:\Program Files (x86)\Miktex 2.9.4521\tex\latex\graphics\trig.sty"
Package: trig 1999/03/16 v1.09 sin cos tan (DPC)
)
("C:\Program Files (x86)\Miktex 2.9.4521\tex\latex\00miktex\graphics.cfg"
File: graphics.cfg 2007/01/18 v1.5 graphics configuration of teTeX/TeXLive
)
Package graphics Info: Driver file: pdftex.def on input line 91.

("C:\Program Files (x86)\Miktex 2.9.4521\tex\latex\pdftex-def\pdftex.def"
File: pdftex.def 2011/05/27 v0.06d Graphics/color for pdfTeX

("C:\Program Files (x86)\Miktex 2.9.4521\tex\generic\oberdiek\infwarerr.sty"
Package: infwarerr 2010/04/08 v1.3 Providing info/warning/error messages (HO)
)
("C:\Program Files (x86)\Miktex 2.9.4521\tex\generic\oberdiek\ltxcmds.sty"
Package: ltxcmds 2011/11/09 v1.22 LaTeX kernel commands for general use (HO)
)
\Gread@gobject=\count100
))
\Gin@req@height=\dimen112
\Gin@req@width=\dimen113
)
("C:\Program Files (x86)\Miktex 2.9.4521\tex\latex\base\inputenc.sty"
Package: inputenc 2008/03/30 v1.1d Input encoding file
\inpenc@prehook=\toks21
\inpenc@posthook=\toks22

("C:\Program Files (x86)\Miktex 2.9.4521\tex\latex\base\latin1.def"
File: latin1.def 2008/03/30 v1.1d Input encoding file
))
("C:\Program Files (x86)\Miktex 2.9.4521\tex\generic\babel\babel.sty"
Package: babel 2008/07/08 v3.8m The Babel package

*************************************
* Local config file bblopts.cfg used
*
("C:\Program Files (x86)\Miktex 2.9.4521\tex\latex\00miktex\bblopts.cfg"
File: bblopts.cfg 2006/07/31 v1.0 MiKTeX 'babel' configuration
)
("C:\Program Files (x86)\Miktex 2.9.4521\tex\generic\babel\spanish.ldf"
Language: spanish.ldf 2009/01/02 v5.0h Spanish support from the babel system

("C:\Program Files (x86)\Miktex 2.9.4521\tex\generic\babel\babel.def"
File: babel.def 2008/07/08 v3.8m Babel common definitions
\babel@savecnt=\count101
\U@D=\dimen114
)
\es@datefmt=\count102
\es@quottoks=\toks23
\es@quotdepth=\count103
Package babel Info: Making " an active character on input line 492.
Package babel Info: Making . an active character on input line 585.
Package babel Info: Making < an active character on input line 630.
Package babel Info: Making > an active character on input line 630.
))
("C:\Program Files (x86)\Miktex 2.9.4521\tex\latex\setspace\setspace.sty"
Package: setspace 2011/12/19 v6.7a set line spacing
)
("C:\Program Files (x86)\Miktex 2.9.4521\tex\latex\graphics\epsfig.sty"
Package: epsfig 1999/02/16 v1.7a (e)psfig emulation (SPQR)
\epsfxsize=\dimen115
\epsfysize=\dimen116
)
(C:\Users\WillY\Documents\GitHub\proyectosig\documentacion\principal\input.tex
("C:\Program Files (x86)\Miktex 2.9.4521\tex\latex\fancyhdr\fancyhdr.sty"
\fancy@headwidth=\skip46
\f@ncyO@elh=\skip47
\f@ncyO@erh=\skip48
\f@ncyO@olh=\skip49
\f@ncyO@orh=\skip50
\f@ncyO@elf=\skip51
\f@ncyO@erf=\skip52
\f@ncyO@olf=\skip53
\f@ncyO@orf=\skip54
)
("C:\Program Files (x86)\Miktex 2.9.4521\tex\latex\geometry\geometry.sty"
Package: geometry 2010/09/12 v5.6 Page Geometry

("C:\Program Files (x86)\Miktex 2.9.4521\tex\generic\oberdiek\ifpdf.sty"
Package: ifpdf 2011/01/30 v2.3 Provides the ifpdf switch (HO)
Package ifpdf Info: pdfTeX in PDF mode is detected.
)
("C:\Program Files (x86)\Miktex 2.9.4521\tex\generic\oberdiek\ifvtex.sty"
Package: ifvtex 2010/03/01 v1.5 Detect VTeX and its facilities (HO)
Package ifvtex Info: VTeX not detected.
)
("C:\Program Files (x86)\Miktex 2.9.4521\tex\generic\ifxetex\ifxetex.sty"
Package: ifxetex 2010/09/12 v0.6 Provides ifxetex conditional
)
\Gm@cnth=\count104
\Gm@cntv=\count105
\c@Gm@tempcnt=\count106
\Gm@bindingoffset=\dimen117
\Gm@wd@mp=\dimen118
\Gm@odd@mp=\dimen119
\Gm@even@mp=\dimen120
\Gm@layoutwidth=\dimen121
\Gm@layoutheight=\dimen122
\Gm@layouthoffset=\dimen123
\Gm@layoutvoffset=\dimen124
\Gm@dimlist=\toks24

("C:\Program Files (x86)\Miktex 2.9.4521\tex\latex\geometry\geometry.cfg"))
("C:\Program Files (x86)\MiKTeX 2.9\tex\latex\caption\caption.sty"
Package: caption 2012/02/19 v3.2f Customizing captions (AR)

("C:\Program Files (x86)\MiKTeX 2.9\tex\latex\caption\caption3.sty"
Package: caption3 2012/01/12 v1.4b caption3 kernel (AR)
\captionmargin=\dimen125
\captionmargin@=\dimen126
\captionwidth=\dimen127
\caption@indent=\dimen128
\caption@parindent=\dimen129
\caption@hangindent=\dimen130
)
\c@ContinuedFloat=\count107
)
("C:\Program Files (x86)\MiKTeX 2.9\tex\latex\titlesec\titlesec.sty"
Package: titlesec 2011/12/15 v2.10.0 Sectioning titles
\ttl@box=\box28
\beforetitleunit=\skip55
\aftertitleunit=\skip56
\ttl@plus=\dimen131
\ttl@minus=\dimen132
\ttl@toksa=\toks25
\titlewidth=\dimen133
\titlewidthlast=\dimen134
\titlewidthfirst=\dimen135
)
("C:\Program Files (x86)\MiKTeX 2.9\tex\latex\titlesec\block.tss"
File: block.tss 2011/12/15
))
(C:\Users\WillY\Documents\GitHub\proyectosig\documentacion\principal\principal.
aux
(C:\Users\WillY\Documents\GitHub\proyectosig\documentacion\principal\introducci
on.aux)
(C:\Users\WillY\Documents\GitHub\proyectosig\documentacion\principal\problema.a
ux)
(C:\Users\WillY\Documents\GitHub\proyectosig\documentacion\principal\objetivos.
aux)
(C:\Users\WillY\Documents\GitHub\proyectosig\documentacion\principal\planeacion
.aux)
(C:\Users\WillY\Documents\GitHub\proyectosig\documentacion\principal\analisis.a
ux)
(C:\Users\WillY\Documents\GitHub\proyectosig\documentacion\principal\requerimie
ntos.aux)
(C:\Users\WillY\Documents\GitHub\proyectosig\documentacion\principal\casosdeuso
.aux

LaTeX Warning: Label `fig:eficienciasucursales' multiply defined.


LaTeX Warning: Label `fig:eficienciasucursales' multiply defined.


LaTeX Warning: Label `fig:eficienciasucursales' multiply defined.


LaTeX Warning: Label `fig:eficienciasucursales' multiply defined.


LaTeX Warning: Label `fig:eficienciasucursales' multiply defined.


LaTeX Warning: Label `fig:eficienciasucursales' multiply defined.

)
(C:\Users\WillY\Documents\GitHub\proyectosig\documentacion\principal\comolasolu
cion.aux)
(C:\Users\WillY\Documents\GitHub\proyectosig\documentacion\principal\reportes.a
ux))
LaTeX Font Info:    Checking defaults for OML/cmm/m/it on input line 17.
LaTeX Font Info:    ... okay on input line 17.
LaTeX Font Info:    Checking defaults for T1/cmr/m/n on input line 17.
LaTeX Font Info:    ... okay on input line 17.
LaTeX Font Info:    Checking defaults for OT1/cmr/m/n on input line 17.
LaTeX Font Info:    ... okay on input line 17.
LaTeX Font Info:    Checking defaults for OMS/cmsy/m/n on input line 17.
LaTeX Font Info:    ... okay on input line 17.
LaTeX Font Info:    Checking defaults for OMX/cmex/m/n on input line 17.
LaTeX Font Info:    ... okay on input line 17.
LaTeX Font Info:    Checking defaults for U/cmr/m/n on input line 17.
LaTeX Font Info:    ... okay on input line 17.

*geometry* driver: auto-detecting
*geometry* detected driver: pdftex
*geometry* verbose mode - [ preamble ] result:
* driver: pdftex
* paper: <default>
* layout: <same size as paper>
* layoutoffset:(h,v)=(0.0pt,0.0pt)
* modes: twoside 
* h-part:(L,W,R)=(71.13188pt, 472.03123pt, 71.13188pt)
* v-part:(T,H,B)=(85.35826pt, 624.25346pt, 85.35826pt)
* \paperwidth=614.295pt
* \paperheight=794.96999pt
* \textwidth=472.03123pt
* \textheight=624.25346pt
* \oddsidemargin=-1.1381pt
* \evensidemargin=-1.1381pt
* \topmargin=-65.98174pt
* \headheight=74.07pt
* \headsep=5.0pt
* \topskip=12.0pt
* \footskip=30.0pt
* \marginparwidth=95.0pt
* \marginparsep=10.0pt
* \columnsep=10.0pt
* \skip\footins=10.8pt plus 4.0pt minus 2.0pt
* \hoffset=0.0pt
* \voffset=10.0pt
* \mag=1000
* \@twocolumnfalse
* \@twosidetrue
* \@mparswitchtrue
* \@reversemarginfalse
* (1in=72.27pt=25.4mm, 1cm=28.453pt)

Package caption Info: Begin \AtBeginDocument code.
Package caption Info: End \AtBeginDocument code.
(C:\Users\WillY\Documents\GitHub\proyectosig\documentacion\principal\title.tex
[1

{C:/Users/WillY/AppData/Local/MiKTeX/2.9/pdftex/config/pdftex.map}])
(C:\Users\WillY\Documents\GitHub\proyectosig\documentacion\principal\introducci
on.tex)
Underfull \hbox (badness 10000) in paragraph at lines 2--21

 []


Underfull \hbox (badness 10000) in paragraph at lines 2--21

 []

<images/header.png, id=8, 564.1075pt x 83.31125pt>
File: images/header.png Graphic file (type png)
 <use images/header.png>
Package pdftex.def Info: images/header.png used on input line 21.
(pdftex.def)             Requested size: 472.03123pt x 69.714pt.

Overfull \hbox (2.56078pt too wide) has occurred while \output is active
 [][]| 
 []

[1


 <C:/Users/WillY/Documents/GitHub/proyectosig/documentacion/principal/images/he
ader.png>]
(C:\Users\WillY\Documents\GitHub\proyectosig\documentacion\principal\principal.
toc
LaTeX Font Info:    Try loading font information for U+msa on input line 3.
 ("C:\Program Files (x86)\Miktex 2.9.4521\tex\latex\amsfonts\umsa.fd"
File: umsa.fd 2009/06/22 v3.00 AMS symbols A
)
LaTeX Font Info:    Try loading font information for U+msb on input line 3.

("C:\Program Files (x86)\Miktex 2.9.4521\tex\latex\amsfonts\umsb.fd"
File: umsb.fd 2009/06/22 v3.00 AMS symbols B
)
File: images/header.png Graphic file (type png)

<use images/header.png>
Package pdftex.def Info: images/header.png used on input line 27.
(pdftex.def)             Requested size: 472.03123pt x 69.714pt.

Overfull \hbox (2.56078pt too wide) has occurred while \output is active
 [][]| 
 []

[2


])
\tf@toc=\write3
File: images/header.png Graphic file (type png)
 <use images/header.png>
Package pdftex.def Info: images/header.png used on input line 24.
(pdftex.def)             Requested size: 472.03123pt x 69.714pt.

Overfull \hbox (2.56078pt too wide) has occurred while \output is active
 [][]| 
 []

[3]
(C:\Users\WillY\Documents\GitHub\proyectosig\documentacion\principal\principal.
lof)
\tf@lof=\write4
File: images/header.png Graphic file (type png)
 <use images/header.png>
Package pdftex.def Info: images/header.png used on input line 26.
(pdftex.def)             Requested size: 472.03123pt x 69.714pt.

Overfull \hbox (2.56078pt too wide) has occurred while \output is active
 [][]| 
 []

[4

]
(C:\Users\WillY\Documents\GitHub\proyectosig\documentacion\principal\problema.t
ex
 1.

Underfull \hbox (badness 10000) in paragraph at lines 3--12

 []


Underfull \hbox (badness 10000) in paragraph at lines 3--12

 []


Underfull \hbox (badness 10000) in paragraph at lines 16--24

 []


Underfull \hbox (badness 10000) in paragraph at lines 16--24

 []

File: images/header.png Graphic file (type png)
<use images/header.png>
Package pdftex.def Info: images/header.png used on input line 24.
(pdftex.def)             Requested size: 472.03123pt x 69.714pt.

Overfull \hbox (2.56078pt too wide) has occurred while \output is active
 [][]| 
 []

[1


])
File: images/header.png Graphic file (type png)
 <use images/header.png>
Package pdftex.def Info: images/header.png used on input line 29.
(pdftex.def)             Requested size: 472.03123pt x 69.714pt.

Overfull \hbox (2.56078pt too wide) has occurred while \output is active
 [][]| 
 []

[2]
(C:\Users\WillY\Documents\GitHub\proyectosig\documentacion\principal\objetivos.
tex
 2.
)
File: images/header.png Graphic file (type png)
 <use images/header.png>
Package pdftex.def Info: images/header.png used on input line 32.
(pdftex.def)             Requested size: 472.03123pt x 69.714pt.

Overfull \hbox (2.56078pt too wide) has occurred while \output is active
 [][]| 
 []

[3



]
(C:\Users\WillY\Documents\GitHub\proyectosig\documentacion\principal\planeacion
.tex
 3.
<images/Dibujo.jpg, id=33, 385.44pt x 462.528pt>
File: images/Dibujo.jpg Graphic file (type jpg)
 <use images/Dibujo.jpg>
Package pdftex.def Info: images/Dibujo.jpg used on input line 25.
(pdftex.def)             Requested size: 283.22162pt x 339.86577pt.

Underfull \hbox (badness 10000) in paragraph at lines 31--33

 []

File: images/header.png Graphic file (type png)
<use images/header.png>
Package pdftex.def Info: images/header.png used on input line 38.
(pdftex.def)             Requested size: 472.03123pt x 69.714pt.

Overfull \hbox (2.56078pt too wide) has occurred while \output is active
 [][]| 
 []

[4



]
File: images/header.png Graphic file (type png)
 <use images/header.png>
Package pdftex.def Info: images/header.png used on input line 38.
(pdftex.def)             Requested size: 472.03123pt x 69.714pt.

Overfull \hbox (2.56078pt too wide) has occurred while \output is active
 [][]| 
 []

[5 <C:/Users/WillY/Documents/GitHub/proyectosig/documentacion/principal/images/
Dibujo.jpg>])
File: images/header.png Graphic file (type png)
 <use images/header.png>
Package pdftex.def Info: images/header.png used on input line 35.
(pdftex.def)             Requested size: 472.03123pt x 69.714pt.

Overfull \hbox (2.56078pt too wide) has occurred while \output is active
 [][]| 
 []

[6]
(C:\Users\WillY\Documents\GitHub\proyectosig\documentacion\principal\analisis.t
ex
 4.

Underfull \hbox (badness 10000) in paragraph at lines 3--5

 []

<images/Eficienciadelasucursal.jpg, id=45, 435.42674pt x 254.75175pt>
File: images/Eficienciadelasucursal.jpg Graphic file (type jpg)

<use images/Eficienciadelasucursal.jpg>
Package pdftex.def Info: images/Eficienciadelasucursal.jpg used on input line 1
9.
(pdftex.def)             Requested size: 283.22162pt x 165.70717pt.
File: images/header.png Graphic file (type png)
 <use images/header.png>
Package pdftex.def Info: images/header.png used on input line 29.
(pdftex.def)             Requested size: 472.03123pt x 69.714pt.

Overfull \hbox (2.56078pt too wide) has occurred while \output is active
 [][]| 
 []

[7



 <C:/Users/WillY/Documents/GitHub/proyectosig/documentacion/principal/images/Ef
icienciadelasucursal.jpg>]
Underfull \hbox (badness 10000) in paragraph at lines 30--35

 []

File: images/header.png Graphic file (type png)
<use images/header.png>
Package pdftex.def Info: images/header.png used on input line 49.
(pdftex.def)             Requested size: 472.03123pt x 69.714pt.

Overfull \hbox (2.56078pt too wide) has occurred while \output is active
 [][]| 
 []

[8] <images/Inventarioinsumo.jpg, id=53, 355.3275pt x 76.48575pt>
File: images/Inventarioinsumo.jpg Graphic file (type jpg)

<use images/Inventarioinsumo.jpg>
Package pdftex.def Info: images/Inventarioinsumo.jpg used on input line 63.
(pdftex.def)             Requested size: 283.22162pt x 60.9669pt.

<images/Graficoinventarioinsumo.jpg, id=54, 436.029pt x 255.354pt>
File: images/Graficoinventarioinsumo.jpg Graphic file (type jpg)

<use images/Graficoinventarioinsumo.jpg>
Package pdftex.def Info: images/Graficoinventarioinsumo.jpg used on input line 
78.
(pdftex.def)             Requested size: 283.22162pt x 165.87292pt.

Underfull \hbox (badness 10000) in paragraph at lines 59--85

 []

File: images/header.png Graphic file (type png)
<use images/header.png>
Package pdftex.def Info: images/header.png used on input line 85.
(pdftex.def)             Requested size: 472.03123pt x 69.714pt.

Overfull \hbox (2.56078pt too wide) has occurred while \output is active
 [][]| 
 []

[9 <C:/Users/WillY/Documents/GitHub/proyectosig/documentacion/principal/images/
Inventarioinsumo.jpg>]
<images/Producidavendidaperdida.jpg, id=58, 411.939pt x 242.1045pt>
File: images/Producidavendidaperdida.jpg Graphic file (type jpg)

<use images/Producidavendidaperdida.jpg>
Package pdftex.def Info: images/Producidavendidaperdida.jpg used on input line 
89.
(pdftex.def)             Requested size: 283.22162pt x 166.45383pt.

Underfull \hbox (badness 10000) in paragraph at lines 95--99

 []

File: images/header.png Graphic file (type png)
<use images/header.png>
Package pdftex.def Info: images/header.png used on input line 99.
(pdftex.def)             Requested size: 472.03123pt x 69.714pt.

Overfull \hbox (2.56078pt too wide) has occurred while \output is active
 [][]| 
 []

[10 <C:/Users/WillY/Documents/GitHub/proyectosig/documentacion/principal/images
/Graficoinventarioinsumo.jpg> <C:/Users/WillY/Documents/GitHub/proyectosig/docu
mentacion/principal/images/Producidavendidaperdida.jpg>]
Underfull \hbox (badness 10000) in paragraph at lines 100--106

 []


Underfull \hbox (badness 10000) in paragraph at lines 100--106

 []


Underfull \hbox (badness 10000) in paragraph at lines 100--106

 []


Underfull \hbox (badness 10000) in paragraph at lines 108--118

 []


Underfull \hbox (badness 10000) in paragraph at lines 108--118

 []


Underfull \hbox (badness 10000) in paragraph at lines 108--118

 []

File: images/header.png Graphic file (type png)
<use images/header.png>
Package pdftex.def Info: images/header.png used on input line 118.
(pdftex.def)             Requested size: 472.03123pt x 69.714pt.

Overfull \hbox (2.56078pt too wide) has occurred while \output is active
 [][]| 
 []

[11]
Underfull \hbox (badness 10000) in paragraph at lines 127--129

 []


Underfull \hbox (badness 10000) in paragraph at lines 139--145

 []

File: images/header.png Graphic file (type png)
<use images/header.png>
Package pdftex.def Info: images/header.png used on input line 147.
(pdftex.def)             Requested size: 472.03123pt x 69.714pt.

Overfull \hbox (2.56078pt too wide) has occurred while \output is active
 [][]| 
 []

[12])
Underfull \hbox (badness 10000) in paragraph at lines 153--38

 []

File: images/header.png Graphic file (type png)
<use images/header.png>
Package pdftex.def Info: images/header.png used on input line 38.
(pdftex.def)             Requested size: 472.03123pt x 69.714pt.

Overfull \hbox (2.56078pt too wide) has occurred while \output is active
 [][]| 
 []

[13]
LaTeX Font Info:    Try loading font information for U+lasy on input line 39.
 ("C:\Program Files (x86)\Miktex 2.9.4521\tex\latex\base\ulasy.fd"
File: ulasy.fd 1998/08/17 v2.2e LaTeX symbol font definitions
)
File: images/header.png Graphic file (type png)

<use images/header.png>
Package pdftex.def Info: images/header.png used on input line 41.
(pdftex.def)             Requested size: 472.03123pt x 69.714pt.

Overfull \hbox (2.56078pt too wide) has occurred while \output is active
 [][]| 
 []

[14

]
(C:\Users\WillY\Documents\GitHub\proyectosig\documentacion\principal\requerimie
ntos.tex
 5.

Underfull \hbox (badness 10000) in paragraph at lines 3--43

 []


Underfull \hbox (badness 10000) in paragraph at lines 3--43

 []


Underfull \hbox (badness 10000) in paragraph at lines 3--43

 []


Underfull \hbox (badness 10000) in paragraph at lines 3--43

 []


Underfull \hbox (badness 10000) in paragraph at lines 3--43

 []


Underfull \hbox (badness 10000) in paragraph at lines 3--43

 []


Underfull \hbox (badness 10000) in paragraph at lines 3--43

 []


Underfull \hbox (badness 10000) in paragraph at lines 3--43

 []


Underfull \hbox (badness 10000) in paragraph at lines 3--43

 []


Underfull \hbox (badness 10000) in paragraph at lines 3--43

 []


Underfull \hbox (badness 10000) in paragraph at lines 3--43

 []


Underfull \hbox (badness 10000) in paragraph at lines 3--43

 []


Underfull \hbox (badness 10000) in paragraph at lines 3--43

 []


Underfull \vbox (badness 10000) has occurred while \output is active []

File: images/header.png Graphic file (type png)

<use images/header.png>
Package pdftex.def Info: images/header.png used on input line 43.
(pdftex.def)             Requested size: 472.03123pt x 69.714pt.

Overfull \hbox (2.56078pt too wide) has occurred while \output is active
 [][]| 
 []

[15


]

! LaTeX Error: There's no line here to end.

See the LaTeX manual or LaTeX Companion for explanation.
Type  H <return>  for immediate help.
 ...                                              
                                                  
l.46 \\
       %
Your command was ignored.
Type  I <command> <return>  to replace it with another command,
or  <return>  to continue without it.


! LaTeX Error: There's no line here to end.

See the LaTeX manual or LaTeX Companion for explanation.
Type  H <return>  for immediate help.
 ...                                              
                                                  
l.47 ¿
      Qu\'e es lo que se hace?
Your command was ignored.
Type  I <command> <return>  to replace it with another command,
or  <return>  to continue without it.


Underfull \hbox (badness 10000) in paragraph at lines 47--77

 []


Underfull \hbox (badness 10000) in paragraph at lines 47--77

 []


Underfull \hbox (badness 10000) in paragraph at lines 47--77

 []


Underfull \hbox (badness 10000) in paragraph at lines 47--77

 []


Underfull \hbox (badness 10000) in paragraph at lines 47--77

 []


Underfull \hbox (badness 10000) in paragraph at lines 47--77

 []


Underfull \hbox (badness 10000) in paragraph at lines 47--77

 []


Underfull \hbox (badness 10000) in paragraph at lines 47--77

 []


Underfull \hbox (badness 10000) in paragraph at lines 47--77

 []


Underfull \hbox (badness 10000) in paragraph at lines 47--77

 []


Underfull \hbox (badness 10000) in paragraph at lines 47--77

 []


Underfull \hbox (badness 10000) in paragraph at lines 78--94

 []


Underfull \hbox (badness 10000) in paragraph at lines 78--94

 []


Underfull \hbox (badness 10000) in paragraph at lines 78--94

 []


Underfull \hbox (badness 10000) in paragraph at lines 78--94

 []


Underfull \hbox (badness 10000) in paragraph at lines 78--94

 []


Underfull \vbox (badness 10000) has occurred while \output is active []

File: images/header.png Graphic file (type png)

<use images/header.png>
Package pdftex.def Info: images/header.png used on input line 94.
(pdftex.def)             Requested size: 472.03123pt x 69.714pt.

Overfull \hbox (2.56078pt too wide) has occurred while \output is active
 [][]| 
 []

[16] <images/requerimientosfuncionales.jpg, id=82, 414.348pt x 217.41225pt>
File: images/requerimientosfuncionales.jpg Graphic file (type jpg)

<use images/requerimientosfuncionales.jpg>
Package pdftex.def Info: images/requerimientosfuncionales.jpg used on input lin
e 101.
(pdftex.def)             Requested size: 283.22162pt x 148.608pt.

Overfull \hbox (4.85876pt too wide) in paragraph at lines 103--103
[][]\OT1/cmr/m/n/12 ''' [] 
 []


! LaTeX Error: There's no line here to end.

See the LaTeX manual or LaTeX Companion for explanation.
Type  H <return>  for immediate help.
 ...                                              
                                                  
l.108 \\
        %
Your command was ignored.
Type  I <command> <return>  to replace it with another command,
or  <return>  to continue without it.


! LaTeX Error: There's no line here to end.

See the LaTeX manual or LaTeX Companion for explanation.
Type  H <return>  for immediate help.
 ...                                              
                                                  
l.109 R
       equerimientos no funcionales
Your command was ignored.
Type  I <command> <return>  to replace it with another command,
or  <return>  to continue without it.

<images/requerimientosnofuncionales.jpg, id=83, 413.1435pt x 127.677pt>
File: images/requerimientosnofuncionales.jpg Graphic file (type jpg)

<use images/requerimientosnofuncionales.jpg>
Package pdftex.def Info: images/requerimientosnofuncionales.jpg used on input l
ine 117.
(pdftex.def)             Requested size: 283.22162pt x 87.52834pt.

Overfull \hbox (4.85876pt too wide) in paragraph at lines 119--119
[][]\OT1/cmr/m/n/12 ''' [] 
 []


Underfull \hbox (badness 10000) in paragraph at lines 109--126

 []


Underfull \hbox (badness 10000) in paragraph at lines 109--126

 []


Underfull \hbox (badness 10000) in paragraph at lines 109--126

 []

<images/requerimientos.jpg, id=84, 407.72325pt x 395.67825pt>
File: images/requerimientos.jpg Graphic file (type jpg)

<use images/requerimientos.jpg>
Package pdftex.def Info: images/requerimientos.jpg used on input line 135.
(pdftex.def)             Requested size: 283.22162pt x 274.8537pt.

Overfull \hbox (4.85876pt too wide) in paragraph at lines 137--137
[][]\OT1/cmr/m/n/12 ''' [] 
 []

)
Underfull \vbox (badness 3179) has occurred while \output is active []

File: images/header.png Graphic file (type png)

<use images/header.png>
Package pdftex.def Info: images/header.png used on input line 43.
(pdftex.def)             Requested size: 472.03123pt x 69.714pt.

Overfull \hbox (2.56078pt too wide) has occurred while \output is active
 [][]| 
 []

[17 <C:/Users/WillY/Documents/GitHub/proyectosig/documentacion/principal/images
/requerimientosfuncionales.jpg>]
File: images/header.png Graphic file (type png)
 <use images/header.png>
Package pdftex.def Info: images/header.png used on input line 43.
(pdftex.def)             Requested size: 472.03123pt x 69.714pt.

Overfull \hbox (2.56078pt too wide) has occurred while \output is active
 [][]| 
 []

[18 <C:/Users/WillY/Documents/GitHub/proyectosig/documentacion/principal/images
/requerimientosnofuncionales.jpg> <C:/Users/WillY/Documents/GitHub/proyectosig/
documentacion/principal/images/requerimientos.jpg>]
(C:\Users\WillY\Documents\GitHub\proyectosig\documentacion\principal\casosdeuso
.tex
 6.
<images/casoinsumosgrafico.jpg, id=91, 432.4155pt x 227.04825pt>
File: images/casoinsumosgrafico.jpg Graphic file (type jpg)

<use images/casoinsumosgrafico.jpg>
Package pdftex.def Info: images/casoinsumosgrafico.jpg used on input line 9.
(pdftex.def)             Requested size: 283.22162pt x 148.71248pt.

Overfull \hbox (4.85876pt too wide) in paragraph at lines 11--11
[][]\OT1/cmr/m/n/12 ''' [] 
 []

<images/casoinsumotabla.jpg, id=92, 436.63126pt x 420.97275pt>
File: images/casoinsumotabla.jpg Graphic file (type jpg)

<use images/casoinsumotabla.jpg>
Package pdftex.def Info: images/casoinsumotabla.jpg used on input line 21.
(pdftex.def)             Requested size: 283.22162pt x 273.06377pt.

Overfull \hbox (4.85876pt too wide) in paragraph at lines 23--23
[][]\OT1/cmr/m/n/12 ''' [] 
 []

<images/casoproducciongrafico.jpg, id=93, 426.393pt x 213.1965pt>
File: images/casoproducciongrafico.jpg Graphic file (type jpg)

<use images/casoproducciongrafico.jpg>
Package pdftex.def Info: images/casoproducciongrafico.jpg used on input line 33
.
(pdftex.def)             Requested size: 283.22162pt x 141.61447pt.

Overfull \hbox (4.85876pt too wide) in paragraph at lines 35--35
[][]\OT1/cmr/m/n/12 ''' [] 
 []

<images/casoproducciontabla.jpg, id=94, 436.63126pt x 418.56375pt>
File: images/casoproducciontabla.jpg Graphic file (type jpg)

<use images/casoproducciontabla.jpg>
Package pdftex.def Info: images/casoproducciontabla.jpg used on input line 45.
(pdftex.def)             Requested size: 283.22162pt x 271.50116pt.

Overfull \hbox (4.85876pt too wide) in paragraph at lines 47--47
[][]\OT1/cmr/m/n/12 ''' [] 
 []

<images/casoinventariografico.jpg, id=95, 426.99525pt x 213.79875pt>
File: images/casoinventariografico.jpg Graphic file (type jpg)

<use images/casoinventariografico.jpg>
Package pdftex.def Info: images/casoinventariografico.jpg used on input line 57
.
(pdftex.def)             Requested size: 283.22162pt x 141.81879pt.

Overfull \hbox (4.85876pt too wide) in paragraph at lines 59--59
[][]\OT1/cmr/m/n/12 ''' [] 
 []

<images/casoinventariotabla.jpg, id=96, 436.029pt x 440.847pt>
File: images/casoinventariotabla.jpg Graphic file (type jpg)

<use images/casoinventariotabla.jpg>
Package pdftex.def Info: images/casoinventariotabla.jpg used on input line 69.
(pdftex.def)             Requested size: 283.22162pt x 286.36552pt.

Overfull \hbox (4.85876pt too wide) in paragraph at lines 71--71
[][]\OT1/cmr/m/n/12 ''' [] 
 []

)
File: images/header.png Graphic file (type png)
 <use images/header.png>
Package pdftex.def Info: images/header.png used on input line 46.
(pdftex.def)             Requested size: 472.03123pt x 69.714pt.

Overfull \hbox (2.56078pt too wide) has occurred while \output is active
 [][]| 
 []

[19



 <C:/Users/WillY/Documents/GitHub/proyectosig/documentacion/principal/images/ca
soinsumosgrafico.jpg>]
File: images/header.png Graphic file (type png)
 <use images/header.png>
Package pdftex.def Info: images/header.png used on input line 46.
(pdftex.def)             Requested size: 472.03123pt x 69.714pt.

Overfull \hbox (2.56078pt too wide) has occurred while \output is active
 [][]| 
 []

[20 <C:/Users/WillY/Documents/GitHub/proyectosig/documentacion/principal/images
/casoinsumotabla.jpg> <C:/Users/WillY/Documents/GitHub/proyectosig/documentacio
n/principal/images/casoproducciongrafico.jpg>]
File: images/header.png Graphic file (type png)
 <use images/header.png>
Package pdftex.def Info: images/header.png used on input line 46.
(pdftex.def)             Requested size: 472.03123pt x 69.714pt.

Overfull \hbox (2.56078pt too wide) has occurred while \output is active
 [][]| 
 []

[21 <C:/Users/WillY/Documents/GitHub/proyectosig/documentacion/principal/images
/casoproducciontabla.jpg> <C:/Users/WillY/Documents/GitHub/proyectosig/document
acion/principal/images/casoinventariografico.jpg>]
File: images/header.png Graphic file (type png)
 <use images/header.png>
Package pdftex.def Info: images/header.png used on input line 46.
(pdftex.def)             Requested size: 472.03123pt x 69.714pt.

Overfull \hbox (2.56078pt too wide) has occurred while \output is active
 [][]| 
 []

[22 <C:/Users/WillY/Documents/GitHub/proyectosig/documentacion/principal/images
/casoinventariotabla.jpg>]
(C:\Users\WillY\Documents\GitHub\proyectosig\documentacion\principal\comolasolu
cion.tex
 7.

Underfull \hbox (badness 10000) in paragraph at lines 11--15

 []

File: images/header.png Graphic file (type png)
<use images/header.png>
Package pdftex.def Info: images/header.png used on input line 16.
(pdftex.def)             Requested size: 472.03123pt x 69.714pt.

Overfull \hbox (2.56078pt too wide) has occurred while \output is active
 [][]| 
 []

[23



]
 8.

Underfull \hbox (badness 10000) in paragraph at lines 18--30

 []


Underfull \hbox (badness 10000) in paragraph at lines 18--30

 []


Underfull \hbox (badness 10000) in paragraph at lines 18--30

 []


Underfull \hbox (badness 10000) in paragraph at lines 18--30

 []

)
Underfull \hbox (badness 10000) in paragraph at lines 51--49

 []

File: images/header.png Graphic file (type png)
<use images/header.png>
Package pdftex.def Info: images/header.png used on input line 49.
(pdftex.def)             Requested size: 472.03123pt x 69.714pt.

Overfull \hbox (2.56078pt too wide) has occurred while \output is active
 [][]| 
 []

[24

]
File: images/header.png Graphic file (type png)
 <use images/header.png>
Package pdftex.def Info: images/header.png used on input line 49.
(pdftex.def)             Requested size: 472.03123pt x 69.714pt.

Overfull \hbox (2.56078pt too wide) has occurred while \output is active
 [][]| 
 []

[25]
File: images/header.png Graphic file (type png)
 <use images/header.png>
Package pdftex.def Info: images/header.png used on input line 52.
(pdftex.def)             Requested size: 472.03123pt x 69.714pt.

Overfull \hbox (2.56078pt too wide) has occurred while \output is active
 [][]| 
 []

[26

]
(C:\Users\WillY\Documents\GitHub\proyectosig\documentacion\principal\reportes.t
ex
 9.
<images/REPORTEINSUMOS.jpg, id=123, 411.33675pt x 232.4685pt>
File: images/REPORTEINSUMOS.jpg Graphic file (type jpg)

<use images/REPORTEINSUMOS.jpg>
Package pdftex.def Info: images/REPORTEINSUMOS.jpg used on input line 8.
(pdftex.def)             Requested size: 283.22162pt x 160.06999pt.

<images/REPORTEVENTASGENERAL.jpg, id=124, 411.939pt x 233.07076pt>
File: images/REPORTEVENTASGENERAL.jpg Graphic file (type jpg)

<use images/REPORTEVENTASGENERAL.jpg>
Package pdftex.def Info: images/REPORTEVENTASGENERAL.jpg used on input line 20.

(pdftex.def)             Requested size: 283.22162pt x 160.24284pt.

<images/REPORTEVENTASSUCURSAL.jpg, id=125, 462.528pt x 322.806pt>
File: images/REPORTEVENTASSUCURSAL.jpg Graphic file (type jpg)

<use images/REPORTEVENTASSUCURSAL.jpg>
Package pdftex.def Info: images/REPORTEVENTASSUCURSAL.jpg used on input line 32
.
(pdftex.def)             Requested size: 283.22162pt x 197.67484pt.
)
File: images/header.png Graphic file (type png)
 <use images/header.png>
Package pdftex.def Info: images/header.png used on input line 54.
(pdftex.def)             Requested size: 472.03123pt x 69.714pt.

Overfull \hbox (2.56078pt too wide) has occurred while \output is active
 [][]| 
 []

[27


 <C:/Users/WillY/Documents/GitHub/proyectosig/documentacion/principal/images/RE
PORTEINSUMOS.jpg> <C:/Users/WillY/Documents/GitHub/proyectosig/documentacion/pr
incipal/images/REPORTEVENTASGENERAL.jpg>]
File: images/header.png Graphic file (type png)
 <use images/header.png>
Package pdftex.def Info: images/header.png used on input line 54.
(pdftex.def)             Requested size: 472.03123pt x 69.714pt.

Overfull \hbox (2.56078pt too wide) has occurred while \output is active
 [][]| 
 []

[28 <C:/Users/WillY/Documents/GitHub/proyectosig/documentacion/principal/images
/REPORTEVENTASSUCURSAL.jpg>]
(C:\Users\WillY\Documents\GitHub\proyectosig\documentacion\principal\principal.
aux
(C:\Users\WillY\Documents\GitHub\proyectosig\documentacion\principal\introducci
on.aux)
(C:\Users\WillY\Documents\GitHub\proyectosig\documentacion\principal\problema.a
ux)
(C:\Users\WillY\Documents\GitHub\proyectosig\documentacion\principal\objetivos.
aux)
(C:\Users\WillY\Documents\GitHub\proyectosig\documentacion\principal\planeacion
.aux)
(C:\Users\WillY\Documents\GitHub\proyectosig\documentacion\principal\analisis.a
ux)
(C:\Users\WillY\Documents\GitHub\proyectosig\documentacion\principal\requerimie
ntos.aux)
(C:\Users\WillY\Documents\GitHub\proyectosig\documentacion\principal\casosdeuso
.aux)
(C:\Users\WillY\Documents\GitHub\proyectosig\documentacion\principal\comolasolu
cion.aux)
(C:\Users\WillY\Documents\GitHub\proyectosig\documentacion\principal\reportes.a
ux))

LaTeX Warning: There were multiply-defined labels.

 ) 
Here is how much of TeX's memory you used:
 4566 strings out of 494045
 70878 string characters out of 3143954
 136605 words of memory out of 3000000
 7708 multiletter control sequences out of 15000+200000
 12390 words of font info for 48 fonts, out of 3000000 for 9000
 715 hyphenation exceptions out of 8191
 38i,14n,43p,763b,588s stack positions out of 5000i,500n,10000p,200000b,50000s
<C:/Program Files (x86)/Miktex 2.9.4521/fonts/type1/public/amsfonts/cm/cmbx10
.pfb><C:/Program Files (x86)/Miktex 2.9.4521/fonts/type1/public/amsfonts/cm/cmb
x12.pfb><C:/Program Files (x86)/Miktex 2.9.4521/fonts/type1/public/amsfonts/cm/
cmcsc10.pfb><C:/Program Files (x86)/Miktex 2.9.4521/fonts/type1/public/amsfonts
/cm/cmr10.pfb><C:/Program Files (x86)/Miktex 2.9.4521/fonts/type1/public/amsfon
ts/cm/cmr12.pfb><C:/Program Files (x86)/Miktex 2.9.4521/fonts/type1/public/amsf
onts/cm/cmr17.pfb><C:/Program Files (x86)/Miktex 2.9.4521/fonts/type1/public/am
sfonts/cm/cmti12.pfb><C:/Program Files (x86)/Miktex 2.9.4521/fonts/type1/public
/amsfonts/latxfont/lasy10.pfb>
Output written on principal.pdf (33 pages, 1709693 bytes).
PDF statistics:
 158 PDF objects out of 1000 (max. 8388607)
 0 named destinations out of 1000 (max. 500000)
 91 words of extra memory for PDF output out of 10000 (max. 10000000)

